<?xml version="1.0" encoding="UTF-8"?>
<!-- Generated by org.testng.reporters.JUnitXMLReporter -->
<testsuite ignored="0" hostname="Deepak" failures="0" tests="3" name="Default test" time="7.699" errors="0" timestamp="2022-02-13T01:06:31 IST">
  <testcase classname="RestAssuredSpotify.Spotify.SpotifyApi" name="testGET_CurrentUserProfileId_ShouldReturn_StatusCode200" time="6.935"/>
  <testcase classname="RestAssuredSpotify.Spotify.SpotifyApi" name="testGET_CurrentUserProfile_ShouldReturn_StatusCode200" time="0.254"/>
  <testcase classname="RestAssuredSpotify.Spotify.SpotifyApi" name="testPOST_When_CreateAPlaylist_should_ReturnStatusCode201" time="0.399"/>
</testsuite> <!-- Default test -->
