<?xml version="1.0" encoding="UTF-8"?>
<testng-results ignored="0" total="3" passed="3" failed="0" skipped="0">
  <reporter-output>
  </reporter-output>
  <suite started-at="2022-02-13T01:06:22 IST" name="Default suite" finished-at="2022-02-13T01:06:30 IST" duration-ms="7699">
    <groups>
    </groups>
    <test started-at="2022-02-13T01:06:22 IST" name="Default test" finished-at="2022-02-13T01:06:30 IST" duration-ms="7699">
      <class name="RestAssuredSpotify.Spotify.SpotifyApi">
        <test-method is-config="true" signature="setup()[pri:0, instance:RestAssuredSpotify.Spotify.SpotifyApi@2cd2a21f]" started-at="2022-02-13T01:06:22 IST" name="setup" finished-at="2022-02-13T01:06:22 IST" duration-ms="21" status="PASS">
          <reporter-output>
          </reporter-output>
        </test-method> <!-- setup -->
        <test-method signature="testGET_CurrentUserProfileId_ShouldReturn_StatusCode200()[pri:0, instance:RestAssuredSpotify.Spotify.SpotifyApi@2cd2a21f]" started-at="2022-02-13T01:06:23 IST" name="testGET_CurrentUserProfileId_ShouldReturn_StatusCode200" finished-at="2022-02-13T01:06:29 IST" duration-ms="6935" status="PASS">
          <reporter-output>
          </reporter-output>
        </test-method> <!-- testGET_CurrentUserProfileId_ShouldReturn_StatusCode200 -->
        <test-method signature="testGET_CurrentUserProfile_ShouldReturn_StatusCode200()[pri:0, instance:RestAssuredSpotify.Spotify.SpotifyApi@2cd2a21f]" started-at="2022-02-13T01:06:29 IST" name="testGET_CurrentUserProfile_ShouldReturn_StatusCode200" finished-at="2022-02-13T01:06:30 IST" duration-ms="254" status="PASS">
          <reporter-output>
          </reporter-output>
        </test-method> <!-- testGET_CurrentUserProfile_ShouldReturn_StatusCode200 -->
        <test-method signature="testPOST_When_CreateAPlaylist_should_ReturnStatusCode201()[pri:0, instance:RestAssuredSpotify.Spotify.SpotifyApi@2cd2a21f]" started-at="2022-02-13T01:06:30 IST" name="testPOST_When_CreateAPlaylist_should_ReturnStatusCode201" finished-at="2022-02-13T01:06:30 IST" duration-ms="399" status="PASS">
          <reporter-output>
          </reporter-output>
        </test-method> <!-- testPOST_When_CreateAPlaylist_should_ReturnStatusCode201 -->
      </class> <!-- RestAssuredSpotify.Spotify.SpotifyApi -->
    </test> <!-- Default test -->
  </suite> <!-- Default suite -->
</testng-results>
